Using pre-set license
Built from '2020.3/staging' branch; Version is '2020.3.9f1 (108be757e447) revision 1084391'; Using compiler version '192528614'; Build Type 'Release'
OS: 'Windows 10 Home; OS build 19042.1052; Version 2009; 64bit' Language: 'en' Physical Memory: 8118 MB
BatchMode: 1, IsHumanControllingUs: 0, StartBugReporterOnCrash: 0, Is64bit: 1, IsPro: 0

 COMMAND LINE ARGUMENTS:
D:\Unity\2020.3.9f1\Editor\Unity.exe
-adb2
-batchMode
-noUpm
-name
AssetImportWorker0
-projectPath
C:/Users/Rei/Desktop/EGA/EGA---3Days/EGA
-logFile
Logs/AssetImportWorker0.log
-srvPort
63444
Successfully changed project path to: C:/Users/Rei/Desktop/EGA/EGA---3Days/EGA
C:/Users/Rei/Desktop/EGA/EGA---3Days/EGA
Using Asset Import Pipeline V2.
Refreshing native plugins compatible for Editor in 74.61 ms, found 1 plugins.
Preloading 0 native plugins for Editor in 0.00 ms.
Initialize engine version: 2020.3.9f1 (108be757e447)
[Subsystems] Discovering subsystems at path D:/Unity/2020.3.9f1/Editor/Data/Resources/UnitySubsystems
[Subsystems] Discovering subsystems at path C:/Users/Rei/Desktop/EGA/EGA---3Days/EGA/Assets
GfxDevice: creating device client; threaded=0
Direct3D:
    Version:  Direct3D 11.0 [level 11.1]
    Renderer: AMD Radeon(TM) RX 560 Series (ID=0x67ef)
    Vendor:   
    VRAM:     4075 MB
    Driver:   27.20.2001.8002
Shader 'Universal Render Pipeline/Particles/Lit': fallback shader 'Universal Render Pipeline/Particles/SimpleLit' not found
Initialize mono
Mono path[0] = 'D:/Unity/2020.3.9f1/Editor/Data/Managed'
Mono path[1] = 'D:/Unity/2020.3.9f1/Editor/Data/MonoBleedingEdge/lib/mono/unityjit'
Mono config path = 'D:/Unity/2020.3.9f1/Editor/Data/MonoBleedingEdge/etc'
Using monoOptions --debugger-agent=transport=dt_socket,embedding=1,server=y,suspend=n,address=127.0.0.1:56052
Begin MonoManager ReloadAssembly
Registering precompiled unity dll's ...
Register platform support module: D:/Unity/2020.3.9f1/Editor/Data/PlaybackEngines/WindowsStandaloneSupport/UnityEditor.WindowsStandalone.Extensions.dll
Registered in 0.001769 seconds.
Native extension for WindowsStandalone target not found
Refreshing native plugins compatible for Editor in 67.64 ms, found 1 plugins.
Preloading 0 native plugins for Editor in 0.00 ms.
Mono: successfully reloaded assembly
- Completed reload, in  1.855 seconds
Platform modules already initialized, skipping
Registering precompiled user dll's ...
Registered in 0.002177 seconds.
Begin MonoManager ReloadAssembly
Native extension for WindowsStandalone target not found
Refreshing native plugins compatible for Editor in 71.29 ms, found 1 plugins.
Preloading 0 native plugins for Editor in 0.00 ms.
Mono: successfully reloaded assembly
- Completed reload, in  1.133 seconds
Platform modules already initialized, skipping
========================================================================
Worker process is ready to serve import requests
Shader 'Universal Render Pipeline/Particles/Lit': fallback shader 'Universal Render Pipeline/Particles/SimpleLit' not found
Launched and connected shader compiler UnityShaderCompiler.exe after 0.16 seconds
Refreshing native plugins compatible for Editor in 1.02 ms, found 1 plugins.
Preloading 0 native plugins for Editor in 0.00 ms.
Unloading 3339 Unused Serialized files (Serialized files now loaded: 0)
System memory in use before: 166.6 MB.
System memory in use after: 166.7 MB.

Unloading 26 unused Assets to reduce memory usage. Loaded Objects now: 3807.
Total: 3.386500 ms (FindLiveObjects: 0.585800 ms CreateObjectMapping: 0.109200 ms MarkObjects: 2.513200 ms  DeleteObjects: 0.176200 ms)

========================================================================
Received Import Request.
  path: Assets/Scenes/Garden-Try.unity
  artifactKey: Guid(3d5eb63800ef72b488924d96880c6c6e) Importer(815301076,1909f56bfc062723c751e8b465ee728b)
Start importing Assets/Scenes/Garden-Try.unity using Guid(3d5eb63800ef72b488924d96880c6c6e) Importer(815301076,1909f56bfc062723c751e8b465ee728b)  -> (artifact id: 'b297c1d0e821bf3b37a814a23b90de5a') in 0.019824 seconds
  Import took 0.026218 seconds .

========================================================================
Received Prepare
Registering precompiled user dll's ...
Registered in 0.002397 seconds.
Begin MonoManager ReloadAssembly
Native extension for WindowsStandalone target not found
Refreshing native plugins compatible for Editor in 0.83 ms, found 1 plugins.
Preloading 0 native plugins for Editor in 0.00 ms.
Mono: successfully reloaded assembly
- Completed reload, in  0.954 seconds
Platform modules already initialized, skipping
Switching build target platform(19) subTarget(0) extendedPlatform(0) -> platform(13) subTarget(537395328) extendedPlatform(0)
Shader 'Universal Render Pipeline/Particles/Lit': fallback shader 'Universal Render Pipeline/Particles/SimpleLit' not found
Refreshing native plugins compatible for Editor in 0.82 ms, found 1 plugins.
Preloading 0 native plugins for Editor in 0.00 ms.
Unloading 3214 Unused Serialized files (Serialized files now loaded: 0)
System memory in use before: 157.4 MB.
System memory in use after: 157.5 MB.

Unloading 15 unused Assets to reduce memory usage. Loaded Objects now: 3811.
Total: 3.194600 ms (FindLiveObjects: 0.481300 ms CreateObjectMapping: 0.096100 ms MarkObjects: 2.445100 ms  DeleteObjects: 0.170700 ms)

AssetImportParameters requested are different than current active one (requested -> active):
  custom:graphics/normal-map-encoding: 01000000000000000000000000000000 -> 02000000000000000000000000000000
========================================================================
Received Prepare
Registering precompiled user dll's ...
Registered in 0.002071 seconds.
Begin MonoManager ReloadAssembly
Native extension for WindowsStandalone target not found
Refreshing native plugins compatible for Editor in 0.87 ms, found 1 plugins.
Preloading 0 native plugins for Editor in 0.00 ms.
Mono: successfully reloaded assembly
- Completed reload, in  0.864 seconds
Platform modules already initialized, skipping
Switching build target platform(19) subTarget(0) extendedPlatform(0) -> platform(13) subTarget(537395328) extendedPlatform(0)
Shader 'Universal Render Pipeline/Particles/Lit': fallback shader 'Universal Render Pipeline/Particles/SimpleLit' not found
Refreshing native plugins compatible for Editor in 0.90 ms, found 1 plugins.
Preloading 0 native plugins for Editor in 0.00 ms.
Unloading 3214 Unused Serialized files (Serialized files now loaded: 0)
System memory in use before: 157.4 MB.
System memory in use after: 157.5 MB.

Unloading 15 unused Assets to reduce memory usage. Loaded Objects now: 3815.
Total: 2.914100 ms (FindLiveObjects: 0.421100 ms CreateObjectMapping: 0.093200 ms MarkObjects: 2.254000 ms  DeleteObjects: 0.143800 ms)

AssetImportParameters requested are different than current active one (requested -> active):
  custom:graphics/normal-map-encoding: 01000000000000000000000000000000 -> 02000000000000000000000000000000
========================================================================
Received Prepare
Registering precompiled user dll's ...
Registered in 0.002164 seconds.
Begin MonoManager ReloadAssembly
Native extension for WindowsStandalone target not found
Refreshing native plugins compatible for Editor in 0.88 ms, found 1 plugins.
Preloading 0 native plugins for Editor in 0.00 ms.
Mono: successfully reloaded assembly
- Completed reload, in  0.883 seconds
Platform modules already initialized, skipping
Switching build target platform(19) subTarget(0) extendedPlatform(0) -> platform(13) subTarget(537395328) extendedPlatform(0)
Shader 'Universal Render Pipeline/Particles/Lit': fallback shader 'Universal Render Pipeline/Particles/SimpleLit' not found
Refreshing native plugins compatible for Editor in 0.91 ms, found 1 plugins.
Preloading 0 native plugins for Editor in 0.00 ms.
Unloading 3214 Unused Serialized files (Serialized files now loaded: 0)
System memory in use before: 157.5 MB.
System memory in use after: 157.6 MB.

Unloading 15 unused Assets to reduce memory usage. Loaded Objects now: 3819.
Total: 3.894300 ms (FindLiveObjects: 0.576300 ms CreateObjectMapping: 0.240600 ms MarkObjects: 2.916000 ms  DeleteObjects: 0.159100 ms)

AssetImportParameters requested are different than current active one (requested -> active):
  custom:graphics/normal-map-encoding: 01000000000000000000000000000000 -> 02000000000000000000000000000000
========================================================================
Received Prepare
Registering precompiled user dll's ...
Registered in 0.002145 seconds.
Begin MonoManager ReloadAssembly
Native extension for WindowsStandalone target not found
Refreshing native plugins compatible for Editor in 1.01 ms, found 1 plugins.
Preloading 0 native plugins for Editor in 0.00 ms.
Mono: successfully reloaded assembly
- Completed reload, in  0.873 seconds
Platform modules already initialized, skipping
Switching build target platform(19) subTarget(0) extendedPlatform(0) -> platform(13) subTarget(537395328) extendedPlatform(0)
Shader 'Universal Render Pipeline/Particles/Lit': fallback shader 'Universal Render Pipeline/Particles/SimpleLit' not found
Refreshing native plugins compatible for Editor in 0.82 ms, found 1 plugins.
Preloading 0 native plugins for Editor in 0.00 ms.
Unloading 3214 Unused Serialized files (Serialized files now loaded: 0)
System memory in use before: 157.5 MB.
System memory in use after: 157.6 MB.

Unloading 15 unused Assets to reduce memory usage. Loaded Objects now: 3823.
Total: 3.025100 ms (FindLiveObjects: 0.424200 ms CreateObjectMapping: 0.106500 ms MarkObjects: 2.347700 ms  DeleteObjects: 0.144900 ms)

AssetImportParameters requested are different than current active one (requested -> active):
  custom:graphics/normal-map-encoding: 01000000000000000000000000000000 -> 02000000000000000000000000000000
========================================================================
Received Prepare
Registering precompiled user dll's ...
Registered in 0.002115 seconds.
Begin MonoManager ReloadAssembly
Native extension for WindowsStandalone target not found
Refreshing native plugins compatible for Editor in 0.93 ms, found 1 plugins.
Preloading 0 native plugins for Editor in 0.00 ms.
Mono: successfully reloaded assembly
- Completed reload, in  0.961 seconds
Platform modules already initialized, skipping
Switching build target platform(19) subTarget(0) extendedPlatform(0) -> platform(13) subTarget(537395328) extendedPlatform(0)
Shader 'Universal Render Pipeline/Particles/Lit': fallback shader 'Universal Render Pipeline/Particles/SimpleLit' not found
Refreshing native plugins compatible for Editor in 0.96 ms, found 1 plugins.
Preloading 0 native plugins for Editor in 0.00 ms.
Unloading 3214 Unused Serialized files (Serialized files now loaded: 0)
System memory in use before: 157.5 MB.
System memory in use after: 157.6 MB.

Unloading 15 unused Assets to reduce memory usage. Loaded Objects now: 3827.
Total: 3.119500 ms (FindLiveObjects: 0.389000 ms CreateObjectMapping: 0.093500 ms MarkObjects: 2.497100 ms  DeleteObjects: 0.138300 ms)

AssetImportParameters requested are different than current active one (requested -> active):
  custom:graphics/normal-map-encoding: 01000000000000000000000000000000 -> 02000000000000000000000000000000
========================================================================
Received Import Request.
  Time since last request: 4264.728395 seconds.
  path: Assets/Resources/Prefabs/Plants/CallaLilySapling.prefab
  artifactKey: Guid(7828e1d8af03082499c4fb37c2815c45) Importer(815301076,1909f56bfc062723c751e8b465ee728b)
Start importing Assets/Resources/Prefabs/Plants/CallaLilySapling.prefab using Guid(7828e1d8af03082499c4fb37c2815c45) Importer(815301076,1909f56bfc062723c751e8b465ee728b)  -> (artifact id: '0091599c31b7f4501a6743580480ec74') in 0.181582 seconds
  Import took 0.189462 seconds .

========================================================================
Received Import Request.
  Time since last request: 63.663734 seconds.
  path: Assets/Resources/Prefabs/Plants/CrownOfThornsSapling.prefab
  artifactKey: Guid(b4df32e36bfcd334e9df217690bc1ad7) Importer(815301076,1909f56bfc062723c751e8b465ee728b)
Start importing Assets/Resources/Prefabs/Plants/CrownOfThornsSapling.prefab using Guid(b4df32e36bfcd334e9df217690bc1ad7) Importer(815301076,1909f56bfc062723c751e8b465ee728b)  -> (artifact id: 'd351e7a2ebf3bb06fa27541937ac83ab') in 0.031418 seconds
  Import took 0.038359 seconds .

========================================================================
Received Prepare
Registering precompiled user dll's ...
Registered in 0.002261 seconds.
Begin MonoManager ReloadAssembly
Native extension for WindowsStandalone target not found
Refreshing native plugins compatible for Editor in 0.84 ms, found 1 plugins.
Preloading 0 native plugins for Editor in 0.00 ms.
Mono: successfully reloaded assembly
- Completed reload, in  0.889 seconds
Platform modules already initialized, skipping
Switching build target platform(19) subTarget(0) extendedPlatform(0) -> platform(13) subTarget(537395328) extendedPlatform(0)
Shader 'Universal Render Pipeline/Particles/Lit': fallback shader 'Universal Render Pipeline/Particles/SimpleLit' not found
Refreshing native plugins compatible for Editor in 0.89 ms, found 1 plugins.
Preloading 0 native plugins for Editor in 0.00 ms.
Unloading 3214 Unused Serialized files (Serialized files now loaded: 0)
System memory in use before: 157.6 MB.
System memory in use after: 157.7 MB.

Unloading 16 unused Assets to reduce memory usage. Loaded Objects now: 3833.
Total: 3.220500 ms (FindLiveObjects: 0.424100 ms CreateObjectMapping: 0.090900 ms MarkObjects: 2.551600 ms  DeleteObjects: 0.152200 ms)

AssetImportParameters requested are different than current active one (requested -> active):
  custom:graphics/normal-map-encoding: 01000000000000000000000000000000 -> 02000000000000000000000000000000
========================================================================
Received Import Request.
  Time since last request: 61.614233 seconds.
  path: Assets/Resources/Prefabs/Plants/CallaGrow2.anim
  artifactKey: Guid(8337704702fecaa488a5304bb904beab) Importer(815301076,1909f56bfc062723c751e8b465ee728b)
Start importing Assets/Resources/Prefabs/Plants/CallaGrow2.anim using Guid(8337704702fecaa488a5304bb904beab) Importer(815301076,1909f56bfc062723c751e8b465ee728b)  -> (artifact id: 'f7d4deccc0546025296352be14f62735') in 0.023108 seconds
  Import took 0.030119 seconds .

========================================================================
Received Prepare
Registering precompiled user dll's ...
Registered in 0.002720 seconds.
Begin MonoManager ReloadAssembly
Native extension for WindowsStandalone target not found
Refreshing native plugins compatible for Editor in 0.84 ms, found 1 plugins.
Preloading 0 native plugins for Editor in 0.00 ms.
Mono: successfully reloaded assembly
- Completed reload, in  0.883 seconds
Platform modules already initialized, skipping
Switching build target platform(19) subTarget(0) extendedPlatform(0) -> platform(13) subTarget(537395328) extendedPlatform(0)
Shader 'Universal Render Pipeline/Particles/Lit': fallback shader 'Universal Render Pipeline/Particles/SimpleLit' not found
Refreshing native plugins compatible for Editor in 0.83 ms, found 1 plugins.
Preloading 0 native plugins for Editor in 0.00 ms.
Unloading 3214 Unused Serialized files (Serialized files now loaded: 0)
System memory in use before: 157.6 MB.
System memory in use after: 157.7 MB.

Unloading 15 unused Assets to reduce memory usage. Loaded Objects now: 3837.
Total: 2.896500 ms (FindLiveObjects: 0.397700 ms CreateObjectMapping: 0.107200 ms MarkObjects: 2.257800 ms  DeleteObjects: 0.132400 ms)

AssetImportParameters requested are different than current active one (requested -> active):
  custom:graphics/normal-map-encoding: 01000000000000000000000000000000 -> 02000000000000000000000000000000
========================================================================
Received Prepare
Registering precompiled user dll's ...
Registered in 0.002050 seconds.
Begin MonoManager ReloadAssembly
Native extension for WindowsStandalone target not found
Refreshing native plugins compatible for Editor in 0.84 ms, found 1 plugins.
Preloading 0 native plugins for Editor in 0.00 ms.
Mono: successfully reloaded assembly
- Completed reload, in  0.877 seconds
Platform modules already initialized, skipping
Switching build target platform(19) subTarget(0) extendedPlatform(0) -> platform(13) subTarget(537395328) extendedPlatform(0)
Shader 'Universal Render Pipeline/Particles/Lit': fallback shader 'Universal Render Pipeline/Particles/SimpleLit' not found
Refreshing native plugins compatible for Editor in 0.83 ms, found 1 plugins.
Preloading 0 native plugins for Editor in 0.00 ms.
Unloading 3214 Unused Serialized files (Serialized files now loaded: 0)
System memory in use before: 157.6 MB.
System memory in use after: 157.7 MB.

Unloading 15 unused Assets to reduce memory usage. Loaded Objects now: 3841.
Total: 2.696500 ms (FindLiveObjects: 0.385600 ms CreateObjectMapping: 0.091800 ms MarkObjects: 2.087300 ms  DeleteObjects: 0.130700 ms)

AssetImportParameters requested are different than current active one (requested -> active):
  custom:graphics/normal-map-encoding: 01000000000000000000000000000000 -> 02000000000000000000000000000000
========================================================================
Received Import Request.
  Time since last request: 70.858905 seconds.
  path: Assets/Resources/Plants&Flowers/WateringCan/CallaLilySapling.controller
  artifactKey: Guid(dcde9845abe74c04e9d4713a049a334d) Importer(815301076,1909f56bfc062723c751e8b465ee728b)
Start importing Assets/Resources/Plants&Flowers/WateringCan/CallaLilySapling.controller using Guid(dcde9845abe74c04e9d4713a049a334d) Importer(815301076,1909f56bfc062723c751e8b465ee728b)  -> (artifact id: '7aa4045212d056b3d789a5e4927ab1e7') in 0.020862 seconds
  Import took 0.027755 seconds .

========================================================================
Received Prepare
Registering precompiled user dll's ...
Registered in 0.002104 seconds.
Begin MonoManager ReloadAssembly
Native extension for WindowsStandalone target not found
Refreshing native plugins compatible for Editor in 0.89 ms, found 1 plugins.
Preloading 0 native plugins for Editor in 0.00 ms.
Mono: successfully reloaded assembly
- Completed reload, in  0.971 seconds
Platform modules already initialized, skipping
Switching build target platform(19) subTarget(0) extendedPlatform(0) -> platform(13) subTarget(537395328) extendedPlatform(0)
Shader 'Universal Render Pipeline/Particles/Lit': fallback shader 'Universal Render Pipeline/Particles/SimpleLit' not found
Refreshing native plugins compatible for Editor in 0.87 ms, found 1 plugins.
Preloading 0 native plugins for Editor in 0.00 ms.
Unloading 3214 Unused Serialized files (Serialized files now loaded: 0)
System memory in use before: 157.6 MB.
System memory in use after: 157.7 MB.

Unloading 15 unused Assets to reduce memory usage. Loaded Objects now: 3845.
Total: 3.185300 ms (FindLiveObjects: 0.471200 ms CreateObjectMapping: 0.100300 ms MarkObjects: 2.458700 ms  DeleteObjects: 0.153400 ms)

AssetImportParameters requested are different than current active one (requested -> active):
  custom:graphics/normal-map-encoding: 01000000000000000000000000000000 -> 02000000000000000000000000000000
========================================================================
Received Prepare
Registering precompiled user dll's ...
Registered in 0.002096 seconds.
Begin MonoManager ReloadAssembly
Native extension for WindowsStandalone target not found
Refreshing native plugins compatible for Editor in 0.84 ms, found 1 plugins.
Preloading 0 native plugins for Editor in 0.00 ms.
Mono: successfully reloaded assembly
- Completed reload, in  0.898 seconds
Platform modules already initialized, skipping
Switching build target platform(19) subTarget(0) extendedPlatform(0) -> platform(13) subTarget(537395328) extendedPlatform(0)
Shader 'Universal Render Pipeline/Particles/Lit': fallback shader 'Universal Render Pipeline/Particles/SimpleLit' not found
Refreshing native plugins compatible for Editor in 0.88 ms, found 1 plugins.
Preloading 0 native plugins for Editor in 0.00 ms.
Unloading 3214 Unused Serialized files (Serialized files now loaded: 0)
System memory in use before: 157.6 MB.
System memory in use after: 157.7 MB.

Unloading 15 unused Assets to reduce memory usage. Loaded Objects now: 3849.
Total: 2.907900 ms (FindLiveObjects: 0.573100 ms CreateObjectMapping: 0.110200 ms MarkObjects: 2.084000 ms  DeleteObjects: 0.138400 ms)

AssetImportParameters requested are different than current active one (requested -> active):
  custom:graphics/normal-map-encoding: 01000000000000000000000000000000 -> 02000000000000000000000000000000
========================================================================
Received Prepare
Registering precompiled user dll's ...
Registered in 0.002199 seconds.
Begin MonoManager ReloadAssembly
Native extension for WindowsStandalone target not found
Refreshing native plugins compatible for Editor in 0.89 ms, found 1 plugins.
Preloading 0 native plugins for Editor in 0.00 ms.
Mono: successfully reloaded assembly
- Completed reload, in  0.906 seconds
Platform modules already initialized, skipping
Switching build target platform(19) subTarget(0) extendedPlatform(0) -> platform(13) subTarget(537395328) extendedPlatform(0)
Shader 'Universal Render Pipeline/Particles/Lit': fallback shader 'Universal Render Pipeline/Particles/SimpleLit' not found
Refreshing native plugins compatible for Editor in 1.01 ms, found 1 plugins.
Preloading 0 native plugins for Editor in 0.00 ms.
Unloading 3214 Unused Serialized files (Serialized files now loaded: 0)
System memory in use before: 157.7 MB.
System memory in use after: 157.8 MB.

Unloading 15 unused Assets to reduce memory usage. Loaded Objects now: 3853.
Total: 3.041300 ms (FindLiveObjects: 0.439600 ms CreateObjectMapping: 0.091500 ms MarkObjects: 2.357300 ms  DeleteObjects: 0.151300 ms)

AssetImportParameters requested are different than current active one (requested -> active):
  custom:graphics/normal-map-encoding: 01000000000000000000000000000000 -> 02000000000000000000000000000000
========================================================================
Received Prepare
Registering precompiled user dll's ...
Registered in 0.002401 seconds.
Begin MonoManager ReloadAssembly
Native extension for WindowsStandalone target not found
Refreshing native plugins compatible for Editor in 0.88 ms, found 1 plugins.
Preloading 0 native plugins for Editor in 0.00 ms.
Mono: successfully reloaded assembly
- Completed reload, in  0.899 seconds
Platform modules already initialized, skipping
Switching build target platform(19) subTarget(0) extendedPlatform(0) -> platform(13) subTarget(537395328) extendedPlatform(0)
Shader 'Universal Render Pipeline/Particles/Lit': fallback shader 'Universal Render Pipeline/Particles/SimpleLit' not found
Refreshing native plugins compatible for Editor in 0.88 ms, found 1 plugins.
Preloading 0 native plugins for Editor in 0.00 ms.
Unloading 3214 Unused Serialized files (Serialized files now loaded: 0)
System memory in use before: 157.6 MB.
System memory in use after: 157.7 MB.

Unloading 15 unused Assets to reduce memory usage. Loaded Objects now: 3857.
Total: 3.200700 ms (FindLiveObjects: 0.491200 ms CreateObjectMapping: 0.108400 ms MarkObjects: 2.449900 ms  DeleteObjects: 0.149500 ms)

AssetImportParameters requested are different than current active one (requested -> active):
  custom:graphics/normal-map-encoding: 01000000000000000000000000000000 -> 02000000000000000000000000000000
========================================================================
Received Prepare
Registering precompiled user dll's ...
Registered in 0.002078 seconds.
Begin MonoManager ReloadAssembly
Native extension for WindowsStandalone target not found
Refreshing native plugins compatible for Editor in 0.85 ms, found 1 plugins.
Preloading 0 native plugins for Editor in 0.00 ms.
Mono: successfully reloaded assembly
- Completed reload, in  0.888 seconds
Platform modules already initialized, skipping
Switching build target platform(19) subTarget(0) extendedPlatform(0) -> platform(13) subTarget(537395328) extendedPlatform(0)
Shader 'Universal Render Pipeline/Particles/Lit': fallback shader 'Universal Render Pipeline/Particles/SimpleLit' not found
Refreshing native plugins compatible for Editor in 0.82 ms, found 1 plugins.
Preloading 0 native plugins for Editor in 0.00 ms.
Unloading 3214 Unused Serialized files (Serialized files now loaded: 0)
System memory in use before: 157.7 MB.
System memory in use after: 157.8 MB.

Unloading 15 unused Assets to reduce memory usage. Loaded Objects now: 3861.
Total: 2.705900 ms (FindLiveObjects: 0.393600 ms CreateObjectMapping: 0.092300 ms MarkObjects: 2.089500 ms  DeleteObjects: 0.129000 ms)

AssetImportParameters requested are different than current active one (requested -> active):
  custom:graphics/normal-map-encoding: 01000000000000000000000000000000 -> 02000000000000000000000000000000
========================================================================
Received Prepare
Registering precompiled user dll's ...
Registered in 0.002377 seconds.
Begin MonoManager ReloadAssembly
Native extension for WindowsStandalone target not found
Refreshing native plugins compatible for Editor in 0.83 ms, found 1 plugins.
Preloading 0 native plugins for Editor in 0.00 ms.
Mono: successfully reloaded assembly
- Completed reload, in  0.927 seconds
Platform modules already initialized, skipping
Switching build target platform(19) subTarget(0) extendedPlatform(0) -> platform(13) subTarget(537395328) extendedPlatform(0)
Shader 'Universal Render Pipeline/Particles/Lit': fallback shader 'Universal Render Pipeline/Particles/SimpleLit' not found
Refreshing native plugins compatible for Editor in 0.85 ms, found 1 plugins.
Preloading 0 native plugins for Editor in 0.00 ms.
Unloading 3214 Unused Serialized files (Serialized files now loaded: 0)
System memory in use before: 157.7 MB.
System memory in use after: 157.8 MB.

Unloading 15 unused Assets to reduce memory usage. Loaded Objects now: 3865.
Total: 3.217700 ms (FindLiveObjects: 0.431200 ms CreateObjectMapping: 0.096100 ms MarkObjects: 2.543800 ms  DeleteObjects: 0.145100 ms)

AssetImportParameters requested are different than current active one (requested -> active):
  custom:graphics/normal-map-encoding: 01000000000000000000000000000000 -> 02000000000000000000000000000000
========================================================================
Received Prepare
Registering precompiled user dll's ...
Registered in 0.002098 seconds.
Begin MonoManager ReloadAssembly
Native extension for WindowsStandalone target not found
Refreshing native plugins compatible for Editor in 0.83 ms, found 1 plugins.
Preloading 0 native plugins for Editor in 0.00 ms.
Mono: successfully reloaded assembly
- Completed reload, in  0.933 seconds
Platform modules already initialized, skipping
Switching build target platform(19) subTarget(0) extendedPlatform(0) -> platform(13) subTarget(537395328) extendedPlatform(0)
Shader 'Universal Render Pipeline/Particles/Lit': fallback shader 'Universal Render Pipeline/Particles/SimpleLit' not found
Refreshing native plugins compatible for Editor in 0.84 ms, found 1 plugins.
Preloading 0 native plugins for Editor in 0.00 ms.
Unloading 3214 Unused Serialized files (Serialized files now loaded: 0)
System memory in use before: 157.7 MB.
System memory in use after: 157.8 MB.

Unloading 15 unused Assets to reduce memory usage. Loaded Objects now: 3869.
Total: 2.765400 ms (FindLiveObjects: 0.413500 ms CreateObjectMapping: 0.105700 ms MarkObjects: 2.116000 ms  DeleteObjects: 0.128800 ms)

AssetImportParameters requested are different than current active one (requested -> active):
  custom:graphics/normal-map-encoding: 01000000000000000000000000000000 -> 02000000000000000000000000000000
========================================================================
Received Prepare
Registering precompiled user dll's ...
Registered in 0.002138 seconds.
Begin MonoManager ReloadAssembly
Native extension for WindowsStandalone target not found
Refreshing native plugins compatible for Editor in 0.85 ms, found 1 plugins.
Preloading 0 native plugins for Editor in 0.00 ms.
Mono: successfully reloaded assembly
- Completed reload, in  0.907 seconds
Platform modules already initialized, skipping
Switching build target platform(19) subTarget(0) extendedPlatform(0) -> platform(13) subTarget(537395328) extendedPlatform(0)
Shader 'Universal Render Pipeline/Particles/Lit': fallback shader 'Universal Render Pipeline/Particles/SimpleLit' not found
Refreshing native plugins compatible for Editor in 0.82 ms, found 1 plugins.
Preloading 0 native plugins for Editor in 0.00 ms.
Unloading 3214 Unused Serialized files (Serialized files now loaded: 0)
System memory in use before: 157.7 MB.
System memory in use after: 157.8 MB.

Unloading 15 unused Assets to reduce memory usage. Loaded Objects now: 3873.
Total: 2.763800 ms (FindLiveObjects: 0.403900 ms CreateObjectMapping: 0.091600 ms MarkObjects: 2.072000 ms  DeleteObjects: 0.194900 ms)

AssetImportParameters requested are different than current active one (requested -> active):
  custom:graphics/normal-map-encoding: 01000000000000000000000000000000 -> 02000000000000000000000000000000
========================================================================
Received Prepare
Registering precompiled user dll's ...
Registered in 0.002034 seconds.
Begin MonoManager ReloadAssembly
Native extension for WindowsStandalone target not found
Refreshing native plugins compatible for Editor in 0.85 ms, found 1 plugins.
Preloading 0 native plugins for Editor in 0.00 ms.
Mono: successfully reloaded assembly
- Completed reload, in  0.935 seconds
Platform modules already initialized, skipping
Switching build target platform(19) subTarget(0) extendedPlatform(0) -> platform(13) subTarget(537395328) extendedPlatform(0)
Shader 'Universal Render Pipeline/Particles/Lit': fallback shader 'Universal Render Pipeline/Particles/SimpleLit' not found
Refreshing native plugins compatible for Editor in 0.82 ms, found 1 plugins.
Preloading 0 native plugins for Editor in 0.00 ms.
Unloading 3214 Unused Serialized files (Serialized files now loaded: 0)
System memory in use before: 157.7 MB.
System memory in use after: 157.8 MB.

Unloading 15 unused Assets to reduce memory usage. Loaded Objects now: 3877.
Total: 2.835500 ms (FindLiveObjects: 0.396500 ms CreateObjectMapping: 0.094800 ms MarkObjects: 2.192200 ms  DeleteObjects: 0.149800 ms)

AssetImportParameters requested are different than current active one (requested -> active):
  custom:graphics/normal-map-encoding: 01000000000000000000000000000000 -> 02000000000000000000000000000000
========================================================================
Received Prepare
Registering precompiled user dll's ...
Registered in 0.002140 seconds.
Begin MonoManager ReloadAssembly
Native extension for WindowsStandalone target not found
Refreshing native plugins compatible for Editor in 0.88 ms, found 1 plugins.
Preloading 0 native plugins for Editor in 0.00 ms.
Mono: successfully reloaded assembly
- Completed reload, in  0.978 seconds
Platform modules already initialized, skipping
Switching build target platform(19) subTarget(0) extendedPlatform(0) -> platform(13) subTarget(537395328) extendedPlatform(0)
Shader 'Universal Render Pipeline/Particles/Lit': fallback shader 'Universal Render Pipeline/Particles/SimpleLit' not found
Refreshing native plugins compatible for Editor in 0.89 ms, found 1 plugins.
Preloading 0 native plugins for Editor in 0.00 ms.
Unloading 3214 Unused Serialized files (Serialized files now loaded: 0)
System memory in use before: 157.7 MB.
System memory in use after: 157.8 MB.

Unloading 15 unused Assets to reduce memory usage. Loaded Objects now: 3881.
Total: 3.195800 ms (FindLiveObjects: 0.449300 ms CreateObjectMapping: 0.094500 ms MarkObjects: 2.489900 ms  DeleteObjects: 0.160400 ms)

AssetImportParameters requested are different than current active one (requested -> active):
  custom:graphics/normal-map-encoding: 01000000000000000000000000000000 -> 02000000000000000000000000000000
========================================================================
Received Prepare
Registering precompiled user dll's ...
Registered in 0.002090 seconds.
Begin MonoManager ReloadAssembly
Native extension for WindowsStandalone target not found
Refreshing native plugins compatible for Editor in 0.90 ms, found 1 plugins.
Preloading 0 native plugins for Editor in 0.00 ms.
Mono: successfully reloaded assembly
- Completed reload, in  0.978 seconds
Platform modules already initialized, skipping
Switching build target platform(19) subTarget(0) extendedPlatform(0) -> platform(13) subTarget(537395328) extendedPlatform(0)
Shader 'Universal Render Pipeline/Particles/Lit': fallback shader 'Universal Render Pipeline/Particles/SimpleLit' not found
Refreshing native plugins compatible for Editor in 0.87 ms, found 1 plugins.
Preloading 0 native plugins for Editor in 0.00 ms.
Unloading 3214 Unused Serialized files (Serialized files now loaded: 0)
System memory in use before: 157.7 MB.
System memory in use after: 157.8 MB.

Unloading 15 unused Assets to reduce memory usage. Loaded Objects now: 3885.
Total: 3.420400 ms (FindLiveObjects: 0.404700 ms CreateObjectMapping: 0.089900 ms MarkObjects: 2.778100 ms  DeleteObjects: 0.146300 ms)

AssetImportParameters requested are different than current active one (requested -> active):
  custom:graphics/normal-map-encoding: 01000000000000000000000000000000 -> 02000000000000000000000000000000
========================================================================
Received Prepare
Registering precompiled user dll's ...
Registered in 0.002102 seconds.
Begin MonoManager ReloadAssembly
Native extension for WindowsStandalone target not found
Refreshing native plugins compatible for Editor in 1.15 ms, found 1 plugins.
Preloading 0 native plugins for Editor in 0.00 ms.
Mono: successfully reloaded assembly
- Completed reload, in  0.956 seconds
Platform modules already initialized, skipping
Switching build target platform(19) subTarget(0) extendedPlatform(0) -> platform(13) subTarget(537395328) extendedPlatform(0)
Shader 'Universal Render Pipeline/Particles/Lit': fallback shader 'Universal Render Pipeline/Particles/SimpleLit' not found
Refreshing native plugins compatible for Editor in 0.87 ms, found 1 plugins.
Preloading 0 native plugins for Editor in 0.00 ms.
Unloading 3214 Unused Serialized files (Serialized files now loaded: 0)
System memory in use before: 157.7 MB.
System memory in use after: 157.8 MB.

Unloading 15 unused Assets to reduce memory usage. Loaded Objects now: 3889.
Total: 3.068400 ms (FindLiveObjects: 0.395700 ms CreateObjectMapping: 0.092200 ms MarkObjects: 2.441300 ms  DeleteObjects: 0.137600 ms)

AssetImportParameters requested are different than current active one (requested -> active):
  custom:graphics/normal-map-encoding: 01000000000000000000000000000000 -> 02000000000000000000000000000000
========================================================================
Received Import Request.
  Time since last request: 1120.082515 seconds.
  path: Assets/Resources/Prefabs/Plants/CrownOfThornsSapling.prefab
  artifactKey: Guid(b4df32e36bfcd334e9df217690bc1ad7) Importer(815301076,1909f56bfc062723c751e8b465ee728b)
Start importing Assets/Resources/Prefabs/Plants/CrownOfThornsSapling.prefab using Guid(b4df32e36bfcd334e9df217690bc1ad7) Importer(815301076,1909f56bfc062723c751e8b465ee728b)  -> (artifact id: '66f65c0d6ec6afe4ba018a61e4c3e9bb') in 0.089597 seconds
  Import took 0.097469 seconds .

========================================================================
Received Import Request.
  Time since last request: 0.002092 seconds.
  path: Assets/Resources/Prefabs/Plants/CrownOfThornsSapling.prefab
  artifactKey: Guid(b4df32e36bfcd334e9df217690bc1ad7) Importer(815301076,1909f56bfc062723c751e8b465ee728b)
Start importing Assets/Resources/Prefabs/Plants/CrownOfThornsSapling.prefab using Guid(b4df32e36bfcd334e9df217690bc1ad7) Importer(815301076,1909f56bfc062723c751e8b465ee728b)  -> (artifact id: '66f65c0d6ec6afe4ba018a61e4c3e9bb') in 0.022891 seconds
  Import took 0.029187 seconds .

========================================================================
Received Import Request.
  Time since last request: 48.433979 seconds.
  path: Assets/Resources/Prefabs/Plants/Watering.anim
  artifactKey: Guid(43207a31754a8574bbac74e822291598) Importer(815301076,1909f56bfc062723c751e8b465ee728b)
Start importing Assets/Resources/Prefabs/Plants/Watering.anim using Guid(43207a31754a8574bbac74e822291598) Importer(815301076,1909f56bfc062723c751e8b465ee728b)  -> (artifact id: '852dbbde7ec6b24735eb2594e5234e65') in 0.008901 seconds
  Import took 0.015787 seconds .

========================================================================
Received Import Request.
  Time since last request: 0.004527 seconds.
  path: Assets/Resources/Prefabs/Plants/Watering.anim
  artifactKey: Guid(43207a31754a8574bbac74e822291598) Importer(815301076,1909f56bfc062723c751e8b465ee728b)
Start importing Assets/Resources/Prefabs/Plants/Watering.anim using Guid(43207a31754a8574bbac74e822291598) Importer(815301076,1909f56bfc062723c751e8b465ee728b)  -> (artifact id: '852dbbde7ec6b24735eb2594e5234e65') in 0.003092 seconds
  Import took 0.009129 seconds .

========================================================================
Received Import Request.
  Time since last request: 172.020002 seconds.
  path: Assets/Resources/Prefabs/Plants/DaisySapling.prefab
  artifactKey: Guid(7dce2cd176bf8cc4f9e822efc33bd106) Importer(815301076,1909f56bfc062723c751e8b465ee728b)
Start importing Assets/Resources/Prefabs/Plants/DaisySapling.prefab using Guid(7dce2cd176bf8cc4f9e822efc33bd106) Importer(815301076,1909f56bfc062723c751e8b465ee728b)  -> (artifact id: 'cfca2dab9e39f9644a5ff90d20d4e671') in 0.010847 seconds
  Import took 0.017586 seconds .

========================================================================
Received Import Request.
  Time since last request: 30.599178 seconds.
  path: Assets/Resources/Prefabs/Plants/DaisySapling.prefab
  artifactKey: Guid(7dce2cd176bf8cc4f9e822efc33bd106) Importer(815301076,1909f56bfc062723c751e8b465ee728b)
Start importing Assets/Resources/Prefabs/Plants/DaisySapling.prefab using Guid(7dce2cd176bf8cc4f9e822efc33bd106) Importer(815301076,1909f56bfc062723c751e8b465ee728b)  -> (artifact id: '45fcc8cd2d4bbac4d3c7fdbb0edc072c') in 0.005273 seconds
  Import took 0.012607 seconds .

========================================================================
Received Import Request.
  Time since last request: 18.192352 seconds.
  path: Assets/Resources/Prefabs/Plants/DaisySapling.controller
  artifactKey: Guid(865bd329d0e14224eb00226b3aeb9ee7) Importer(815301076,1909f56bfc062723c751e8b465ee728b)
Start importing Assets/Resources/Prefabs/Plants/DaisySapling.controller using Guid(865bd329d0e14224eb00226b3aeb9ee7) Importer(815301076,1909f56bfc062723c751e8b465ee728b)  -> (artifact id: 'b62d472ea7cc9b0d5979466bf18054a3') in 0.006630 seconds
  Import took 0.012866 seconds .

========================================================================
Received Import Request.
  Time since last request: 23.240871 seconds.
  path: Assets/Resources/Prefabs/Plants/fertilize.anim
  artifactKey: Guid(210e24974ac18b44dac54c6cd867db75) Importer(815301076,1909f56bfc062723c751e8b465ee728b)
Start importing Assets/Resources/Prefabs/Plants/fertilize.anim using Guid(210e24974ac18b44dac54c6cd867db75) Importer(815301076,1909f56bfc062723c751e8b465ee728b)  -> (artifact id: '5987a797459190b949a2fe93d0eda90e') in 0.003647 seconds
  Import took 0.010745 seconds .

========================================================================
Received Import Request.
  Time since last request: 0.002597 seconds.
  path: Assets/Resources/Prefabs/Plants/fertilize.anim
  artifactKey: Guid(210e24974ac18b44dac54c6cd867db75) Importer(815301076,1909f56bfc062723c751e8b465ee728b)
Start importing Assets/Resources/Prefabs/Plants/fertilize.anim using Guid(210e24974ac18b44dac54c6cd867db75) Importer(815301076,1909f56bfc062723c751e8b465ee728b)  -> (artifact id: '5987a797459190b949a2fe93d0eda90e') in 0.003299 seconds
  Import took 0.009436 seconds .

========================================================================
Received Import Request.
  Time since last request: 3.059196 seconds.
  path: Assets/Resources/Prefabs/Plants/pesticide.anim
  artifactKey: Guid(cf9419ec47e0ea045939d8bd83f7634f) Importer(815301076,1909f56bfc062723c751e8b465ee728b)
Start importing Assets/Resources/Prefabs/Plants/pesticide.anim using Guid(cf9419ec47e0ea045939d8bd83f7634f) Importer(815301076,1909f56bfc062723c751e8b465ee728b)  -> (artifact id: 'c35e354606554d3956e3a272ce9c5236') in 0.003470 seconds
  Import took 0.010442 seconds .

========================================================================
Received Import Request.
  Time since last request: 30.973535 seconds.
  path: Assets/Resources/Prefabs/Plants/DaisySapling.prefab
  artifactKey: Guid(7dce2cd176bf8cc4f9e822efc33bd106) Importer(815301076,1909f56bfc062723c751e8b465ee728b)
Start importing Assets/Resources/Prefabs/Plants/DaisySapling.prefab using Guid(7dce2cd176bf8cc4f9e822efc33bd106) Importer(815301076,1909f56bfc062723c751e8b465ee728b)  -> (artifact id: '68d3325dcab3058f58b40f2bcf0dc007') in 0.023337 seconds
  Import took 0.030089 seconds .

========================================================================
Received Prepare
Registering precompiled user dll's ...
Registered in 0.002329 seconds.
Begin MonoManager ReloadAssembly
Native extension for WindowsStandalone target not found
Refreshing native plugins compatible for Editor in 0.83 ms, found 1 plugins.
Preloading 0 native plugins for Editor in 0.00 ms.
Mono: successfully reloaded assembly
- Completed reload, in  0.930 seconds
Platform modules already initialized, skipping
Switching build target platform(19) subTarget(0) extendedPlatform(0) -> platform(13) subTarget(537395328) extendedPlatform(0)
Shader 'Universal Render Pipeline/Particles/Lit': fallback shader 'Universal Render Pipeline/Particles/SimpleLit' not found
Refreshing native plugins compatible for Editor in 0.85 ms, found 1 plugins.
Preloading 0 native plugins for Editor in 0.00 ms.
Unloading 3214 Unused Serialized files (Serialized files now loaded: 0)
System memory in use before: 157.8 MB.
System memory in use after: 157.8 MB.

Unloading 16 unused Assets to reduce memory usage. Loaded Objects now: 3893.
Total: 2.932300 ms (FindLiveObjects: 0.412200 ms CreateObjectMapping: 0.093200 ms MarkObjects: 2.276400 ms  DeleteObjects: 0.149200 ms)

AssetImportParameters requested are different than current active one (requested -> active):
  custom:graphics/normal-map-encoding: 01000000000000000000000000000000 -> 02000000000000000000000000000000
========================================================================
Received Import Request.
  Time since last request: 158.563192 seconds.
  path: Assets/Resources/Prefabs/Plants/DaffodilSapling.prefab
  artifactKey: Guid(d18e7f621a4a6394f848b140e3ba2311) Importer(815301076,1909f56bfc062723c751e8b465ee728b)
Start importing Assets/Resources/Prefabs/Plants/DaffodilSapling.prefab using Guid(d18e7f621a4a6394f848b140e3ba2311) Importer(815301076,1909f56bfc062723c751e8b465ee728b)  -> (artifact id: '8f81c62391d1431b481a72f7952da2ef') in 0.084604 seconds
  Import took 0.091421 seconds .

========================================================================
Received Import Request.
  Time since last request: 59.049452 seconds.
  path: Assets/Resources/Prefabs/Plants/DaffodilSapling.prefab
  artifactKey: Guid(d18e7f621a4a6394f848b140e3ba2311) Importer(815301076,1909f56bfc062723c751e8b465ee728b)
Start importing Assets/Resources/Prefabs/Plants/DaffodilSapling.prefab using Guid(d18e7f621a4a6394f848b140e3ba2311) Importer(815301076,1909f56bfc062723c751e8b465ee728b)  -> (artifact id: '814fb182786aebc771584f71af24ef14') in 0.022603 seconds
  Import took 0.029601 seconds .

========================================================================
Received Prepare
Registering precompiled user dll's ...
Registered in 0.002137 seconds.
Begin MonoManager ReloadAssembly
Native extension for WindowsStandalone target not found
Refreshing native plugins compatible for Editor in 0.91 ms, found 1 plugins.
Preloading 0 native plugins for Editor in 0.00 ms.
Mono: successfully reloaded assembly
- Completed reload, in  0.950 seconds
Platform modules already initialized, skipping
Switching build target platform(19) subTarget(0) extendedPlatform(0) -> platform(13) subTarget(537395328) extendedPlatform(0)
Shader 'Universal Render Pipeline/Particles/Lit': fallback shader 'Universal Render Pipeline/Particles/SimpleLit' not found
Refreshing native plugins compatible for Editor in 0.91 ms, found 1 plugins.
Preloading 0 native plugins for Editor in 0.00 ms.
Unloading 3214 Unused Serialized files (Serialized files now loaded: 0)
System memory in use before: 157.8 MB.
System memory in use after: 157.9 MB.

Unloading 16 unused Assets to reduce memory usage. Loaded Objects now: 3897.
Total: 3.165100 ms (FindLiveObjects: 0.437300 ms CreateObjectMapping: 0.091800 ms MarkObjects: 2.486200 ms  DeleteObjects: 0.148500 ms)

AssetImportParameters requested are different than current active one (requested -> active):
  custom:graphics/normal-map-encoding: 01000000000000000000000000000000 -> 02000000000000000000000000000000
========================================================================
Received Import Request.
  Time since last request: 114.935314 seconds.
  path: Assets/Resources/Prefabs/Plants/DaffodilSapling.prefab
  artifactKey: Guid(d18e7f621a4a6394f848b140e3ba2311) Importer(815301076,1909f56bfc062723c751e8b465ee728b)
Start importing Assets/Resources/Prefabs/Plants/DaffodilSapling.prefab using Guid(d18e7f621a4a6394f848b140e3ba2311) Importer(815301076,1909f56bfc062723c751e8b465ee728b)  -> (artifact id: '86e759ce0d1abe88413f40ad6baf65ba') in 0.081326 seconds
  Import took 0.088673 seconds .

========================================================================
Received Import Request.
  Time since last request: 6.636636 seconds.
  path: Assets/Resources/Prefabs/Plants/Idle.anim
  artifactKey: Guid(9be2f03cc88e6c64a938995eb59b07fb) Importer(815301076,1909f56bfc062723c751e8b465ee728b)
Start importing Assets/Resources/Prefabs/Plants/Idle.anim using Guid(9be2f03cc88e6c64a938995eb59b07fb) Importer(815301076,1909f56bfc062723c751e8b465ee728b)  -> (artifact id: '7b94cb47e7582e59d88a5c16f4c4bd2b') in 0.008250 seconds
  Import took 0.015857 seconds .

========================================================================
Received Import Request.
  Time since last request: 0.004631 seconds.
  path: Assets/Resources/Prefabs/Plants/Idle.anim
  artifactKey: Guid(9be2f03cc88e6c64a938995eb59b07fb) Importer(815301076,1909f56bfc062723c751e8b465ee728b)
Start importing Assets/Resources/Prefabs/Plants/Idle.anim using Guid(9be2f03cc88e6c64a938995eb59b07fb) Importer(815301076,1909f56bfc062723c751e8b465ee728b)  -> (artifact id: '7b94cb47e7582e59d88a5c16f4c4bd2b') in 0.003164 seconds
  Import took 0.008676 seconds .

========================================================================
Received Import Request.
  Time since last request: 39.726805 seconds.
  path: Assets/Resources/Plants&Flowers/WateringCan/DaffodilSapling.controller
  artifactKey: Guid(0991334f2441fe243a7400e46135a223) Importer(815301076,1909f56bfc062723c751e8b465ee728b)
Start importing Assets/Resources/Plants&Flowers/WateringCan/DaffodilSapling.controller using Guid(0991334f2441fe243a7400e46135a223) Importer(815301076,1909f56bfc062723c751e8b465ee728b)  -> (artifact id: '6dadf057e61aab2931445d5d696d6aac') in 0.006603 seconds
  Import took 0.012966 seconds .

========================================================================
Received Prepare
Registering precompiled user dll's ...
Registered in 0.002312 seconds.
Begin MonoManager ReloadAssembly
Native extension for WindowsStandalone target not found
Refreshing native plugins compatible for Editor in 0.84 ms, found 1 plugins.
Preloading 0 native plugins for Editor in 0.00 ms.
Mono: successfully reloaded assembly
- Completed reload, in  0.928 seconds
Platform modules already initialized, skipping
Switching build target platform(19) subTarget(0) extendedPlatform(0) -> platform(13) subTarget(537395328) extendedPlatform(0)
Shader 'Universal Render Pipeline/Particles/Lit': fallback shader 'Universal Render Pipeline/Particles/SimpleLit' not found
Refreshing native plugins compatible for Editor in 0.82 ms, found 1 plugins.
Preloading 0 native plugins for Editor in 0.00 ms.
Unloading 3214 Unused Serialized files (Serialized files now loaded: 0)
System memory in use before: 157.8 MB.
System memory in use after: 157.9 MB.

Unloading 16 unused Assets to reduce memory usage. Loaded Objects now: 3901.
Total: 2.879900 ms (FindLiveObjects: 0.520700 ms CreateObjectMapping: 0.093600 ms MarkObjects: 2.128100 ms  DeleteObjects: 0.136000 ms)

AssetImportParameters requested are different than current active one (requested -> active):
  custom:graphics/normal-map-encoding: 01000000000000000000000000000000 -> 02000000000000000000000000000000
========================================================================
Received Import Request.
  Time since last request: 10230.585074 seconds.
  path: Assets/Resources/Prefabs/Plants/EchinaceaSapling.prefab
  artifactKey: Guid(dbc216c5c5f8c57499c78b592f163d67) Importer(815301076,1909f56bfc062723c751e8b465ee728b)
Start importing Assets/Resources/Prefabs/Plants/EchinaceaSapling.prefab using Guid(dbc216c5c5f8c57499c78b592f163d67) Importer(815301076,1909f56bfc062723c751e8b465ee728b)  -> (artifact id: '398b0b4874b8a5151f55caa373f29cdf') in 0.042591 seconds
  Import took 0.050869 seconds .

========================================================================
Received Import Request.
  Time since last request: 12.115368 seconds.
  path: Assets/Resources/Prefabs/Plants/DaisySapling.prefab
  artifactKey: Guid(7dce2cd176bf8cc4f9e822efc33bd106) Importer(815301076,1909f56bfc062723c751e8b465ee728b)
Start importing Assets/Resources/Prefabs/Plants/DaisySapling.prefab using Guid(7dce2cd176bf8cc4f9e822efc33bd106) Importer(815301076,1909f56bfc062723c751e8b465ee728b)  -> (artifact id: 'e2affc426c2edba0bbf7737df0d15e22') in 0.064722 seconds
  Import took 0.071911 seconds .

========================================================================
Received Import Request.
  Time since last request: 7.519205 seconds.
  path: Assets/Resources/Prefabs/Plants/EchinaceaSapling.prefab
  artifactKey: Guid(dbc216c5c5f8c57499c78b592f163d67) Importer(815301076,1909f56bfc062723c751e8b465ee728b)
Start importing Assets/Resources/Prefabs/Plants/EchinaceaSapling.prefab using Guid(dbc216c5c5f8c57499c78b592f163d67) Importer(815301076,1909f56bfc062723c751e8b465ee728b)  -> (artifact id: 'd9a88cde973a9200fd091ede22680df9') in 0.023299 seconds
  Import took 0.029735 seconds .

========================================================================
Received Import Request.
  Time since last request: 110.185711 seconds.
  path: Assets/Resources/Prefabs/Plants/EchinaceaSapling.prefab
  artifactKey: Guid(dbc216c5c5f8c57499c78b592f163d67) Importer(815301076,1909f56bfc062723c751e8b465ee728b)
Start importing Assets/Resources/Prefabs/Plants/EchinaceaSapling.prefab using Guid(dbc216c5c5f8c57499c78b592f163d67) Importer(815301076,1909f56bfc062723c751e8b465ee728b)  -> (artifact id: '3bc3dfebd45ac367d3c6ba878acd1e90') in 0.023940 seconds
  Import took 0.030315 seconds .

========================================================================
Received Import Request.
  Time since last request: 104.133307 seconds.
  path: Assets/Resources/Prefabs/Plants/GardenTulipGrow.anim
  artifactKey: Guid(0b6d4791a9870444a8cb5a751f8b1d4c) Importer(815301076,1909f56bfc062723c751e8b465ee728b)
Start importing Assets/Resources/Prefabs/Plants/GardenTulipGrow.anim using Guid(0b6d4791a9870444a8cb5a751f8b1d4c) Importer(815301076,1909f56bfc062723c751e8b465ee728b)  -> (artifact id: 'a0f463dd8bee4669b0f257c8ee572781') in 0.010325 seconds
  Import took 0.016577 seconds .

========================================================================
Received Import Request.
  Time since last request: 9.307871 seconds.
  path: Assets/Resources/Prefabs/Plants/EchinaceaSapling.prefab
  artifactKey: Guid(dbc216c5c5f8c57499c78b592f163d67) Importer(815301076,1909f56bfc062723c751e8b465ee728b)
Start importing Assets/Resources/Prefabs/Plants/EchinaceaSapling.prefab using Guid(dbc216c5c5f8c57499c78b592f163d67) Importer(815301076,1909f56bfc062723c751e8b465ee728b)  -> (artifact id: '8b4d74840bc2c764337e3d055a8d74bb') in 0.023737 seconds
  Import took 0.030185 seconds .

========================================================================
Received Import Request.
  Time since last request: 39.184484 seconds.
  path: Assets/Resources/Prefabs/Plants/EchinaceaSapling.prefab
  artifactKey: Guid(dbc216c5c5f8c57499c78b592f163d67) Importer(815301076,1909f56bfc062723c751e8b465ee728b)
Start importing Assets/Resources/Prefabs/Plants/EchinaceaSapling.prefab using Guid(dbc216c5c5f8c57499c78b592f163d67) Importer(815301076,1909f56bfc062723c751e8b465ee728b)  -> (artifact id: '5597e3490e0d9edb6cb0984b4b7f1bf4') in 0.024619 seconds
  Import took 0.031222 seconds .

========================================================================
Received Import Request.
  Time since last request: 4.950891 seconds.
  path: Assets/Resources/Prefabs/Plants/FrenchHydrangeaSapling.prefab
  artifactKey: Guid(dc5f4c73cf1475b47af12c662d039bcd) Importer(815301076,1909f56bfc062723c751e8b465ee728b)
Start importing Assets/Resources/Prefabs/Plants/FrenchHydrangeaSapling.prefab using Guid(dc5f4c73cf1475b47af12c662d039bcd) Importer(815301076,1909f56bfc062723c751e8b465ee728b)  -> (artifact id: '8084f1cb406c4f7d407a378d3d9834ab') in 0.026817 seconds
  Import took 0.034554 seconds .

========================================================================
Received Import Request.
  Time since last request: 241.378422 seconds.
  path: Assets/Resources/Prefabs/Plants/EchinaceaSapling.controller
  artifactKey: Guid(047372d364a580b4aab4eb6271c0bdd0) Importer(815301076,1909f56bfc062723c751e8b465ee728b)
Start importing Assets/Resources/Prefabs/Plants/EchinaceaSapling.controller using Guid(047372d364a580b4aab4eb6271c0bdd0) Importer(815301076,1909f56bfc062723c751e8b465ee728b)  -> (artifact id: 'bc8310cb63e552ef189bd5097499a7b3') in 0.006537 seconds
  Import took 0.012662 seconds .

========================================================================
Received Import Request.
  Time since last request: 7.734606 seconds.
  path: Assets/Resources/Prefabs/Plants/GardenTulipSapling.prefab
  artifactKey: Guid(69c79ecd8db80d247acfac7e27c989ff) Importer(815301076,1909f56bfc062723c751e8b465ee728b)
Start importing Assets/Resources/Prefabs/Plants/GardenTulipSapling.prefab using Guid(69c79ecd8db80d247acfac7e27c989ff) Importer(815301076,1909f56bfc062723c751e8b465ee728b)  -> (artifact id: '1f9fca2ca67296ffb89ecd3e51af1beb') in 0.011229 seconds
  Import took 0.018291 seconds .

========================================================================
Received Import Request.
  Time since last request: 55.774349 seconds.
  path: Assets/Resources/Prefabs/Plants/FrenchGrow.anim
  artifactKey: Guid(e3c2b7c630201fe4fb1ca6cba01b4971) Importer(815301076,1909f56bfc062723c751e8b465ee728b)
Start importing Assets/Resources/Prefabs/Plants/FrenchGrow.anim using Guid(e3c2b7c630201fe4fb1ca6cba01b4971) Importer(815301076,1909f56bfc062723c751e8b465ee728b)  -> (artifact id: '102244c4f735cee16eea6612c9560ea6') in 0.009276 seconds
  Import took 0.016046 seconds .

========================================================================
Received Import Request.
  Time since last request: 0.002146 seconds.
  path: Assets/Resources/Prefabs/Plants/FrenchGrow.anim
  artifactKey: Guid(e3c2b7c630201fe4fb1ca6cba01b4971) Importer(815301076,1909f56bfc062723c751e8b465ee728b)
Start importing Assets/Resources/Prefabs/Plants/FrenchGrow.anim using Guid(e3c2b7c630201fe4fb1ca6cba01b4971) Importer(815301076,1909f56bfc062723c751e8b465ee728b)  -> (artifact id: '102244c4f735cee16eea6612c9560ea6') in 0.003325 seconds
  Import took 0.009472 seconds .

AssetImportWorkerClient::OnTransportError - code=2 error=End of file
